<?xml version="1.0" encoding="UTF-8"?>
<!-- Generated by org.testng.reporters.JUnitReportReporter -->
<testsuite hostname="LAPTOP-2C3317V2" failures="0" tests="1" name="testcase.VerifyPageTitleAfterNavToDropOption" time="0.012" errors="0" timestamp="2023-08-23T23:09:47 IST" skipped="0">
  <testcase classname="testcase.VerifyPageTitleAfterNavToDropOption" name="verifyPageTitleOfFlipkart" time="0.012"/>
</testsuite> <!-- testcase.VerifyPageTitleAfterNavToDropOption -->
