<?xml version="1.0" encoding="UTF-8"?>
<!-- Generated by org.testng.reporters.JUnitReportReporter -->
<testsuite hostname="LAPTOP-2C3317V2" failures="0" tests="1" name="testcasesreservation.Annotations" time="0.010" errors="0" timestamp="2023-08-18T17:34:21 IST" skipped="0">
  <testcase classname="testcasesreservation.Annotations" name="test_1" time="0.010"/>
</testsuite> <!-- testcasesreservation.Annotations -->
