<?xml version="1.0" encoding="UTF-8"?>
<!-- Generated by org.testng.reporters.JUnitReportReporter -->
<testsuite hostname="LAPTOP-2C3317V2" failures="0" tests="5" name="testcasesreservation.TestCases" time="0.021" errors="0" timestamp="2023-08-22T13:19:02 IST" skipped="0">
  <testcase classname="testcasesreservation.TestCases" name="ef" time="0.001"/>
  <testcase classname="testcasesreservation.TestCases" name="cd" time="0.015"/>
  <testcase classname="testcasesreservation.TestCases" name="ij" time="0.002"/>
  <testcase classname="testcasesreservation.TestCases" name="gh" time="0.002"/>
  <testcase classname="testcasesreservation.TestCases" name="ab" time="0.001"/>
</testsuite> <!-- testcasesreservation.TestCases -->
